Arguments: 
  /usr/local/bin/node /Users/anth51john/.yarn/bin/yarn.js add --dev @babel/core babel-loader @babel/prese-env

PATH: 
  /Users/anth51john/.yarn/bin:/Users/anth51john/.config/yarn/global/node_modules/.bin:/usr/local/bin:/usr/bin:/bin:/usr/sbin:/sbin

Yarn version: 
  1.22.5

Node version: 
  14.17.0

Platform: 
  darwin x64

Trace: 
  Error: https://registry.yarnpkg.com/@babel%2fprese-env: Not found
      at Request.params.callback [as _callback] (/Users/anth51john/.yarn/lib/cli.js:66988:18)
      at Request.self.callback (/Users/anth51john/.yarn/lib/cli.js:140749:22)
      at Request.emit (events.js:376:20)
      at Request.<anonymous> (/Users/anth51john/.yarn/lib/cli.js:141721:10)
      at Request.emit (events.js:376:20)
      at IncomingMessage.<anonymous> (/Users/anth51john/.yarn/lib/cli.js:141643:12)
      at Object.onceWrapper (events.js:482:28)
      at IncomingMessage.emit (events.js:388:22)
      at endReadableNT (internal/streams/readable.js:1336:12)
      at processTicksAndRejections (internal/process/task_queues.js:82:21)

npm manifest: 
  {
    "name": "Lesson02",
    "version": "1.0.0",
    "description": "Chapter3 coding implemetation ",
    "main": "index.js",
    "repository": "https://github.com/Anth51John/Lesson02.git",
    "author": "Anthony Johnson",
    "license": "MIT",
    "private": false
  }

yarn manifest: 
  No manifest

Lockfile: 
  No lockfile
